Flow report for dsdlab5
Fri Mar 31 15:57:38 2017
Quartus II 64-Bit Version 13.0.1 Build 232 06/12/2013 Service Pack 1 SJ Full Version


---------------------
; Table of Contents ;
---------------------
  1. Legal Notice
  2. Flow Summary
  3. Flow Settings
  4. Flow Non-Default Global Settings
  5. Flow Elapsed Time
  6. Flow OS Summary
  7. Flow Log
  8. Flow Messages
  9. Flow Suppressed Messages



----------------
; Legal Notice ;
----------------
Copyright (C) 1991-2013 Altera Corporation
Your use of Altera Corporation's design tools, logic functions 
and other software and tools, and its AMPP partner logic 
functions, and any output files from any of the foregoing 
(including device programming or simulation files), and any 
associated documentation or information are expressly subject 
to the terms and conditions of the Altera Program License 
Subscription Agreement, Altera MegaCore Function License 
Agreement, or other applicable license agreement, including, 
without limitation, that your use is for the sole purpose of 
programming logic devices manufactured by Altera and sold by 
Altera or its authorized distributors.  Please refer to the 
applicable agreement for further details.



+---------------------------------------------------------------------------------------+
; Flow Summary                                                                          ;
+------------------------------------+--------------------------------------------------+
; Flow Status                        ; Successful - Fri Mar 31 15:57:38 2017            ;
; Quartus II 64-Bit Version          ; 13.0.1 Build 232 06/12/2013 SP 1 SJ Full Version ;
; Revision Name                      ; dsdlab5                                          ;
; Top-level Entity Name              ; g58_sys_ctrl_fsm_test                            ;
; Family                             ; Cyclone II                                       ;
; Device                             ; EP2C20F484C7                                     ;
; Timing Models                      ; Final                                            ;
; Total logic elements               ; 19                                               ;
;     Total combinational functions  ; 19                                               ;
;     Dedicated logic registers      ; 7                                                ;
; Total registers                    ; 7                                                ;
; Total pins                         ; 29                                               ;
; Total virtual pins                 ; 0                                                ;
; Total memory bits                  ; 0                                                ;
; Embedded Multiplier 9-bit elements ; 0                                                ;
; Total PLLs                         ; 0                                                ;
+------------------------------------+--------------------------------------------------+


+-----------------------------------------+
; Flow Settings                           ;
+-------------------+---------------------+
; Option            ; Setting             ;
+-------------------+---------------------+
; Start date & time ; 03/31/2017 15:56:10 ;
; Main task         ; Compilation         ;
; Revision Name     ; dsdlab5             ;
+-------------------+---------------------+


+--------------------------------------------------------------------------------------------------------------------------------+
; Flow Non-Default Global Settings                                                                                               ;
+-------------------------------------+---------------------------------+---------------+-----------------------+----------------+
; Assignment Name                     ; Value                           ; Default Value ; Entity Name           ; Section Id     ;
+-------------------------------------+---------------------------------+---------------+-----------------------+----------------+
; COMPILER_SIGNATURE_ID               ; 268891671945889.149099016902288 ; --            ; --                    ; --             ;
; EDA_GENERATE_FUNCTIONAL_NETLIST     ; On                              ; --            ; --                    ; eda_simulation ;
; EDA_OUTPUT_DATA_FORMAT              ; Verilog Hdl                     ; --            ; --                    ; eda_simulation ;
; EDA_SIMULATION_TOOL                 ; ModelSim-Altera (Verilog)       ; <None>        ; --                    ; --             ;
; EDA_TIME_SCALE                      ; 1 ps                            ; --            ; --                    ; eda_simulation ;
; MAX_CORE_JUNCTION_TEMP              ; 85                              ; --            ; --                    ; --             ;
; MIN_CORE_JUNCTION_TEMP              ; 0                               ; --            ; --                    ; --             ;
; PARTITION_COLOR                     ; 16764057                        ; --            ; g58_sys_ctrl_fsm_test ; Top            ;
; PARTITION_FITTER_PRESERVATION_LEVEL ; PLACEMENT_AND_ROUTING           ; --            ; g58_sys_ctrl_fsm_test ; Top            ;
; PARTITION_NETLIST_TYPE              ; SOURCE                          ; --            ; g58_sys_ctrl_fsm_test ; Top            ;
; PROJECT_OUTPUT_DIRECTORY            ; output_files                    ; --            ; --                    ; --             ;
; TOP_LEVEL_ENTITY                    ; g58_sys_ctrl_fsm_test           ; dsdlab5       ; --                    ; --             ;
+-------------------------------------+---------------------------------+---------------+-----------------------+----------------+


+--------------------------------------------------------------------------------------------------------------------------+
; Flow Elapsed Time                                                                                                        ;
+----------------------+--------------+-------------------------+---------------------+------------------------------------+
; Module Name          ; Elapsed Time ; Average Processors Used ; Peak Virtual Memory ; Total CPU Time (on all processors) ;
+----------------------+--------------+-------------------------+---------------------+------------------------------------+
; Analysis & Synthesis ; 00:00:04     ; 1.0                     ; 539 MB              ; 00:00:01                           ;
; EDA Netlist Writer   ; 00:00:03     ; 1.0                     ; 430 MB              ; 00:00:01                           ;
; EDA Netlist Writer   ; 00:00:03     ; 1.0                     ; 430 MB              ; 00:00:01                           ;
; EDA Netlist Writer   ; 00:00:02     ; 1.0                     ; 430 MB              ; 00:00:01                           ;
; EDA Netlist Writer   ; 00:00:02     ; 1.0                     ; 430 MB              ; 00:00:01                           ;
; Total                ; 00:00:14     ; --                      ; --                  ; 00:00:05                           ;
+----------------------+--------------+-------------------------+---------------------+------------------------------------+


+-----------------------------------------------------------------------------------+
; Flow OS Summary                                                                   ;
+----------------------+------------------+-----------+------------+----------------+
; Module Name          ; Machine Hostname ; OS Name   ; OS Version ; Processor type ;
+----------------------+------------------+-----------+------------+----------------+
; Analysis & Synthesis ; 156TR4060DS-01   ; Windows 7 ; 6.2        ; x86_64         ;
; EDA Netlist Writer   ; 156TR4060DS-01   ; Windows 7 ; 6.2        ; x86_64         ;
; EDA Netlist Writer   ; 156TR4060DS-01   ; Windows 7 ; 6.2        ; x86_64         ;
; EDA Netlist Writer   ; 156TR4060DS-01   ; Windows 7 ; 6.2        ; x86_64         ;
; EDA Netlist Writer   ; 156TR4060DS-01   ; Windows 7 ; 6.2        ; x86_64         ;
+----------------------+------------------+-----------+------------+----------------+


------------
; Flow Log ;
------------
quartus_map --read_settings_files=on --write_settings_files=off dsdlab5 -c dsdlab5
quartus_eda --gen_testbench --check_outputs=on --tool=modelsim_oem --format=verilog dsdlab5 -c dsdlab5 --vector_source=P:/dsdlab5/g58_sys_ctrl_fsm_test_init.vwf --testbench_file=./simulation/qsim/dsdlab5.vt
quartus_eda --functional=on --simulation=on --tool=modelsim_oem --format=verilog dsdlab5 -c dsdlab5
quartus_eda --gen_testbench --check_outputs=on --tool=modelsim_oem --format=verilog dsdlab5 -c dsdlab5 --vector_source=P:/dsdlab5/g58_sys_ctrl_fsm_test_play.vwf --testbench_file=./simulation/qsim/dsdlab5.vt
quartus_eda --functional=on --simulation=on --tool=modelsim_oem --format=verilog dsdlab5 -c dsdlab5



